2025-07-31 15:54:35,879 - AutoML - INFO - Starting feature engineering...
2025-07-31 15:55:01,825 - AutoML - INFO - Starting feature engineering...
2025-07-31 15:55:40,605 - AutoML - INFO - Initializing model wrappers...
2025-07-31 15:57:54,188 - AutoML - INFO - Starting feature engineering...
2025-07-31 16:01:39,677 - AutoML - INFO - Starting feature engineering...
2025-07-31 16:01:39,999 - AutoML - INFO - Initializing model wrappers...
2025-07-31 16:01:43,052 - AutoML - INFO - Starting hyperparameter optimization...
2025-07-31 16:02:20,269 - AutoML - INFO - Starting feature engineering...
2025-07-31 16:02:20,616 - AutoML - INFO - Initializing model wrappers...
2025-07-31 16:02:20,660 - AutoML - INFO - Starting hyperparameter optimization...
2025-07-31 16:03:32,329 - AutoML - INFO - Starting feature engineering...
2025-07-31 16:03:32,647 - AutoML - INFO - Initializing model wrappers...
2025-07-31 16:03:32,666 - AutoML - INFO - Starting hyperparameter optimization...
2025-07-31 16:04:11,881 - AutoML - INFO - Starting feature engineering...
2025-07-31 16:04:12,204 - AutoML - INFO - Initializing model wrappers...
2025-07-31 16:04:12,221 - AutoML - INFO - Starting hyperparameter optimization...
2025-07-31 16:05:31,777 - AutoML - INFO - Starting feature engineering...
2025-07-31 16:05:32,083 - AutoML - INFO - Initializing model wrappers...
2025-07-31 16:05:32,098 - AutoML - INFO - Starting hyperparameter optimization...
2025-07-31 16:06:52,917 - AutoML - INFO - Selecting best model(s)...
2025-07-31 16:07:54,268 - AutoML - INFO - Starting feature engineering...
2025-07-31 16:07:54,582 - AutoML - INFO - Initializing model wrappers...
2025-07-31 16:07:54,598 - AutoML - INFO - Starting hyperparameter optimization...
2025-07-31 16:09:16,928 - AutoML - INFO - Selecting best model(s)...
2025-07-31 16:09:19,912 - AutoML - INFO - Blending models...
2025-07-31 16:09:19,912 - AutoML - INFO - Evaluating ensemble...
